c:\opengl\projekt\projekt\x64\debug\vc143.pdb
c:\opengl\projekt\projekt\x64\debug\vc143.idb
c:\opengl\projekt\projekt\x64\debug\glad.obj
c:\opengl\projekt\projekt\x64\debug\source.obj
c:\opengl\projekt\projekt\x64\debug\projekt.ilk
c:\opengl\projekt\x64\debug\projekt.pdb
c:\opengl\projekt\projekt\x64\debug\projekt.tlog\cl.command.1.tlog
c:\opengl\projekt\projekt\x64\debug\projekt.tlog\cl.items.tlog
c:\opengl\projekt\projekt\x64\debug\projekt.tlog\cl.read.1.tlog
c:\opengl\projekt\projekt\x64\debug\projekt.tlog\cl.write.1.tlog
c:\opengl\projekt\projekt\x64\debug\projekt.tlog\link-cvtres.read.1.tlog
c:\opengl\projekt\projekt\x64\debug\projekt.tlog\link-cvtres.write.1.tlog
c:\opengl\projekt\projekt\x64\debug\projekt.tlog\link-rc.read.1.tlog
c:\opengl\projekt\projekt\x64\debug\projekt.tlog\link-rc.write.1.tlog
c:\opengl\projekt\projekt\x64\debug\projekt.tlog\link.33364.read.1.tlog
c:\opengl\projekt\projekt\x64\debug\projekt.tlog\link.33364.read.2.tlog
c:\opengl\projekt\projekt\x64\debug\projekt.tlog\link.33364.read.3.tlog
c:\opengl\projekt\projekt\x64\debug\projekt.tlog\link.33364.read.4.tlog
c:\opengl\projekt\projekt\x64\debug\projekt.tlog\link.33364.read.6.tlog
c:\opengl\projekt\projekt\x64\debug\projekt.tlog\link.33364.write.1.tlog
c:\opengl\projekt\projekt\x64\debug\projekt.tlog\link.command.1.tlog
c:\opengl\projekt\projekt\x64\debug\projekt.tlog\link.read.1.tlog
c:\opengl\projekt\projekt\x64\debug\projekt.tlog\link.read.2.tlog
c:\opengl\projekt\projekt\x64\debug\projekt.tlog\link.read.3.tlog
c:\opengl\projekt\projekt\x64\debug\projekt.tlog\link.read.4.tlog
c:\opengl\projekt\projekt\x64\debug\projekt.tlog\link.read.5.tlog
c:\opengl\projekt\projekt\x64\debug\projekt.tlog\link.secondary.1.tlog
c:\opengl\projekt\projekt\x64\debug\projekt.tlog\link.write.1.tlog
